Using pre-set license
Built from '2021.3/evg/staging/82bb020e-b03b1330/draft-0' branch; Version is '2021.3.16f1 (4016570cf34f) revision 4200023'; Using compiler version '192829333'; Build Type 'Release'
OS: 'Windows 10  (10.0.19045) 64bit CoreSingleLanguage' Language: 'en' Physical Memory: 16233 MB
BatchMode: 1, IsHumanControllingUs: 0, StartBugReporterOnCrash: 0, Is64bit: 1, IsPro: 1

COMMAND LINE ARGUMENTS:
C:\Program Files\Unity\Hub\Editor\Unity 2021.3.16f1\Editor\Unity.exe
-adb2
-batchMode
-noUpm
-name
AssetImportWorker2
-projectPath
D:/GameDev/RPG-2D
-logFile
Logs/AssetImportWorker2.log
-srvPort
50875
Successfully changed project path to: D:/GameDev/RPG-2D
D:/GameDev/RPG-2D
[UnityMemory] Configuration Parameters - Can be set up in boot.config
    "memorysetup-bucket-allocator-granularity=16"
    "memorysetup-bucket-allocator-bucket-count=8"
    "memorysetup-bucket-allocator-block-size=33554432"
    "memorysetup-bucket-allocator-block-count=8"
    "memorysetup-main-allocator-block-size=16777216"
    "memorysetup-thread-allocator-block-size=16777216"
    "memorysetup-gfx-main-allocator-block-size=16777216"
    "memorysetup-gfx-thread-allocator-block-size=16777216"
    "memorysetup-cache-allocator-block-size=4194304"
    "memorysetup-typetree-allocator-block-size=2097152"
    "memorysetup-profiler-bucket-allocator-granularity=16"
    "memorysetup-profiler-bucket-allocator-bucket-count=8"
    "memorysetup-profiler-bucket-allocator-block-size=33554432"
    "memorysetup-profiler-bucket-allocator-block-count=8"
    "memorysetup-profiler-allocator-block-size=16777216"
    "memorysetup-profiler-editor-allocator-block-size=1048576"
    "memorysetup-temp-allocator-size-main=16777216"
    "memorysetup-job-temp-allocator-block-size=2097152"
    "memorysetup-job-temp-allocator-block-size-background=1048576"
    "memorysetup-job-temp-allocator-reduction-small-platforms=262144"
    "memorysetup-temp-allocator-size-background-worker=32768"
    "memorysetup-temp-allocator-size-job-worker=262144"
    "memorysetup-temp-allocator-size-preload-manager=33554432"
    "memorysetup-temp-allocator-size-nav-mesh-worker=65536"
    "memorysetup-temp-allocator-size-audio-worker=65536"
    "memorysetup-temp-allocator-size-cloud-worker=32768"
    "memorysetup-temp-allocator-size-gi-baking-worker=262144"
    "memorysetup-temp-allocator-size-gfx=262144"
Player connection [23112] Host "[IP] 192.168.1.12 [Port] 0 [Flags] 2 [Guid] 192896639 [EditorId] 192896639 [Version] 1048832 [Id] WindowsEditor(7,DESKTOP-795K8U1) [Debug] 1 [PackageName] WindowsEditor [ProjectName] Editor" joined multi-casting on [225.0.0.222:54997]...

Player connection [23112] Host "[IP] 192.168.1.12 [Port] 0 [Flags] 2 [Guid] 192896639 [EditorId] 192896639 [Version] 1048832 [Id] WindowsEditor(7,DESKTOP-795K8U1) [Debug] 1 [PackageName] WindowsEditor [ProjectName] Editor" joined alternative multi-casting on [225.0.0.222:34997]...

Refreshing native plugins compatible for Editor in 132.65 ms, found 4 plugins.
Preloading 0 native plugins for Editor in 0.00 ms.
Initialize engine version: 2021.3.16f1 (4016570cf34f)
[Subsystems] Discovering subsystems at path C:/Program Files/Unity/Hub/Editor/Unity 2021.3.16f1/Editor/Data/Resources/UnitySubsystems
[Subsystems] Discovering subsystems at path D:/GameDev/RPG-2D/Assets
GfxDevice: creating device client; threaded=0; jobified=0
Direct3D:
    Version:  Direct3D 11.0 [level 11.1]
    Renderer: NVIDIA GeForce GTX 1660 Ti (ID=0x2191)
    Vendor:   NVIDIA
    VRAM:     5991 MB
    Driver:   30.0.15.1278
Initialize mono
Mono path[0] = 'C:/Program Files/Unity/Hub/Editor/Unity 2021.3.16f1/Editor/Data/Managed'
Mono path[1] = 'C:/Program Files/Unity/Hub/Editor/Unity 2021.3.16f1/Editor/Data/MonoBleedingEdge/lib/mono/unityjit-win32'
Mono config path = 'C:/Program Files/Unity/Hub/Editor/Unity 2021.3.16f1/Editor/Data/MonoBleedingEdge/etc'
Using monoOptions --debugger-agent=transport=dt_socket,embedding=1,server=y,suspend=n,address=127.0.0.1:56780
Begin MonoManager ReloadAssembly
Registering precompiled unity dll's ...
Register platform support module: C:/Program Files/Unity/Hub/Editor/Unity 2021.3.16f1/Editor/Data/PlaybackEngines/WindowsStandaloneSupport/UnityEditor.WindowsStandalone.Extensions.dll
Registered in 0.006981 seconds.
Native extension for WindowsStandalone target not found
Refreshing native plugins compatible for Editor in 146.38 ms, found 4 plugins.
Preloading 0 native plugins for Editor in 0.00 ms.
Mono: successfully reloaded assembly
- Completed reload, in  0.977 seconds
Domain Reload Profiling:
	ReloadAssembly (978ms)
		BeginReloadAssembly (110ms)
			ExecutionOrderSort (0ms)
			DisableScriptedObjects (0ms)
			BackupInstance (0ms)
			ReleaseScriptingObjects (0ms)
			CreateAndSetChildDomain (1ms)
		EndReloadAssembly (731ms)
			LoadAssemblies (105ms)
			RebuildTransferFunctionScriptingTraits (0ms)
			SetupTypeCache (138ms)
			ReleaseScriptCaches (0ms)
			RebuildScriptCaches (60ms)
			SetupLoadedEditorAssemblies (456ms)
				LogAssemblyErrors (0ms)
				InitializePlatformSupportModulesInManaged (11ms)
				SetLoadedEditorAssemblies (0ms)
				RefreshPlugins (146ms)
				BeforeProcessingInitializeOnLoad (1ms)
				ProcessInitializeOnLoadAttributes (207ms)
				ProcessInitializeOnLoadMethodAttributes (89ms)
				AfterProcessingInitializeOnLoad (0ms)
				EditorAssembliesLoaded (1ms)
			ExecutionOrderSort2 (0ms)
			AwakeInstancesAfterBackupRestoration (0ms)
Platform modules already initialized, skipping
Registering precompiled user dll's ...
Registered in 0.010452 seconds.
Begin MonoManager ReloadAssembly
Symbol file LoadedFromMemory doesn't match image D:\GameDev\RPG-2D\Library\PackageCache\com.unity.visualscripting@1.7.8\Editor\VisualScripting.Core\Dependencies\YamlDotNet\Unity.VisualScripting.YamlDotNet.dll
Symbol file LoadedFromMemory doesn't match image D:\GameDev\RPG-2D\Library\PackageCache\com.unity.visualscripting@1.7.8\Editor\VisualScripting.Core\Dependencies\DotNetZip\Unity.VisualScripting.IonicZip.dll
Native extension for WindowsStandalone target not found
Refreshing native plugins compatible for Editor in 158.71 ms, found 4 plugins.
Preloading 0 native plugins for Editor in 0.00 ms.
Mono: successfully reloaded assembly
- Completed reload, in  2.873 seconds
Domain Reload Profiling:
	ReloadAssembly (2878ms)
		BeginReloadAssembly (235ms)
			ExecutionOrderSort (0ms)
			DisableScriptedObjects (16ms)
			BackupInstance (0ms)
			ReleaseScriptingObjects (1ms)
			CreateAndSetChildDomain (28ms)
		EndReloadAssembly (2375ms)
			LoadAssemblies (243ms)
			RebuildTransferFunctionScriptingTraits (0ms)
			SetupTypeCache (726ms)
			ReleaseScriptCaches (2ms)
			RebuildScriptCaches (127ms)
			SetupLoadedEditorAssemblies (1129ms)
				LogAssemblyErrors (0ms)
				InitializePlatformSupportModulesInManaged (7ms)
				SetLoadedEditorAssemblies (0ms)
				RefreshPlugins (159ms)
				BeforeProcessingInitializeOnLoad (139ms)
				ProcessInitializeOnLoadAttributes (605ms)
				ProcessInitializeOnLoadMethodAttributes (196ms)
				AfterProcessingInitializeOnLoad (22ms)
				EditorAssembliesLoaded (1ms)
			ExecutionOrderSort2 (0ms)
			AwakeInstancesAfterBackupRestoration (19ms)
Platform modules already initialized, skipping
========================================================================
Worker process is ready to serve import requests
Launched and connected shader compiler UnityShaderCompiler.exe after 0.06 seconds
Refreshing native plugins compatible for Editor in 2.18 ms, found 4 plugins.
Preloading 0 native plugins for Editor in 0.00 ms.
Unloading 4327 Unused Serialized files (Serialized files now loaded: 0)
Unloading 56 unused Assets / (270.7 KB). Loaded Objects now: 4783.
Memory consumption went from 163.0 MB to 162.8 MB.
Total: 4.608000 ms (FindLiveObjects: 0.386600 ms CreateObjectMapping: 0.392900 ms MarkObjects: 3.572300 ms  DeleteObjects: 0.255000 ms)

AssetImportParameters requested are different than current active one (requested -> active):
  custom:video-decoder-ogg-theora: a1e56fd34408186e4bbccfd4996cb3dc -> 
  custom:container-muxer-webm: aa71ff27fc2769a1b78a27578f13a17b -> 
  custom:container-demuxer-webm: 4f35f7cbe854078d1ac9338744f61a02 -> 
  custom:video-encoder-webm-vp8: eb34c28f22e8b96e1ab97ce403110664 -> 
  custom:audio-encoder-webm-vorbis: bf7c407c2cedff20999df2af8eb42d56 -> 
  custom:framework-win-MediaFoundation: 216162199b28c13a410421893ffa2e32 -> 
  custom:container-demuxer-ogg: 62fdf1f143b41e24485cea50d1cbac27 -> 
  custom:video-decoder-webm-vp8: 9c59270c3fd7afecdb556c50c9e8de78 -> 
  custom:audio-decoder-ogg-vorbis: bf7c407c2cedff20999df2af8eb42d56 -> 
========================================================================
Received Import Request.
  Time since last request: 330009.963130 seconds.
  path: Assets/Graphics/Main Character/Crystal.png
  artifactKey: Guid(0f2d35081db8b2746aed901899e27f62) Importer(815301076,1909f56bfc062723c751e8b465ee728b)
Start importing Assets/Graphics/Main Character/Crystal.png using Guid(0f2d35081db8b2746aed901899e27f62) Importer(815301076,1909f56bfc062723c751e8b465ee728b)  -> (artifact id: '9c453f09fb9bdc07ac8d55f5b7eb0926') in 0.326001 seconds 
========================================================================
Received Import Request.
  Time since last request: 12.318700 seconds.
  path: Assets/Graphics/Enemies/Briner of Death
  artifactKey: Guid(0f4cb65c2cf35a54c818a3daa0fada12) Importer(815301076,1909f56bfc062723c751e8b465ee728b)
Start importing Assets/Graphics/Enemies/Briner of Death using Guid(0f4cb65c2cf35a54c818a3daa0fada12) Importer(815301076,1909f56bfc062723c751e8b465ee728b)  -> (artifact id: 'b1fdcf4107db68843592daca4580f319') in 0.008743 seconds 
========================================================================
Received Import Request.
  Time since last request: 0.052261 seconds.
  path: Assets/Graphics/Enemies/Briner of Death/Bringer-of-Death-SpritSheet.png
  artifactKey: Guid(0e4e9e307a6097a4cbd21f66b7bdf986) Importer(815301076,1909f56bfc062723c751e8b465ee728b)
Start importing Assets/Graphics/Enemies/Briner of Death/Bringer-of-Death-SpritSheet.png using Guid(0e4e9e307a6097a4cbd21f66b7bdf986) Importer(815301076,1909f56bfc062723c751e8b465ee728b)  -> (artifact id: '4e16346f2eb5202c6a12ab228f63695e') in 0.106180 seconds 
========================================================================
Received Import Request.
  Time since last request: 5.510507 seconds.
  path: Assets/Graphics/Enemies/Necro
  artifactKey: Guid(a0100d06a72b652418d27ba6da018bf9) Importer(815301076,1909f56bfc062723c751e8b465ee728b)
Start importing Assets/Graphics/Enemies/Necro using Guid(a0100d06a72b652418d27ba6da018bf9) Importer(815301076,1909f56bfc062723c751e8b465ee728b)  -> (artifact id: 'a7cc735b8a5ab6d5ee30174aee2e93ba') in 0.010224 seconds 
========================================================================
Received Import Request.
  Time since last request: 0.061083 seconds.
  path: Assets/Graphics/Enemies/Necro/Necromancer_creativekind-Sheet.png
  artifactKey: Guid(3e22098e0a2a0bb4393e38a71bbdf28f) Importer(815301076,1909f56bfc062723c751e8b465ee728b)
Start importing Assets/Graphics/Enemies/Necro/Necromancer_creativekind-Sheet.png using Guid(3e22098e0a2a0bb4393e38a71bbdf28f) Importer(815301076,1909f56bfc062723c751e8b465ee728b)  -> (artifact id: '53d2af5ce0482769208e52e6fae701ea') in 0.117986 seconds 
========================================================================
Received Import Request.
  Time since last request: 1.757794 seconds.
  path: Assets/Graphics/Enemies/Night born
  artifactKey: Guid(e0cb999198ca3c949a686506dc9b793f) Importer(815301076,1909f56bfc062723c751e8b465ee728b)
Start importing Assets/Graphics/Enemies/Night born using Guid(e0cb999198ca3c949a686506dc9b793f) Importer(815301076,1909f56bfc062723c751e8b465ee728b)  -> (artifact id: '96559b69aa059225878eb231276af93e') in 0.006635 seconds 
========================================================================
Received Import Request.
  Time since last request: 0.074817 seconds.
  path: Assets/Graphics/Enemies/Night born/NightBorne.png
  artifactKey: Guid(e82644eceb07e4d479b96d4178c1c02a) Importer(815301076,1909f56bfc062723c751e8b465ee728b)
Start importing Assets/Graphics/Enemies/Night born/NightBorne.png using Guid(e82644eceb07e4d479b96d4178c1c02a) Importer(815301076,1909f56bfc062723c751e8b465ee728b)  -> (artifact id: 'e69abc6b3c7bdc224e2b8504986bcb4d') in 0.196297 seconds 
========================================================================
Received Import Request.
  Time since last request: 1.292070 seconds.
  path: Assets/Graphics/Enemies/Red Hood
  artifactKey: Guid(ca99bdb78e579c2458cf7811091f39d9) Importer(815301076,1909f56bfc062723c751e8b465ee728b)
Start importing Assets/Graphics/Enemies/Red Hood using Guid(ca99bdb78e579c2458cf7811091f39d9) Importer(815301076,1909f56bfc062723c751e8b465ee728b)  -> (artifact id: '3ec423b4e118fa9eb8e645014152e8de') in 0.010255 seconds 
========================================================================
Received Import Request.
  Time since last request: 0.069075 seconds.
  path: Assets/Graphics/Enemies/Red Hood/red hood itch free Copy-Sheet.png
  artifactKey: Guid(7eb81348dc564e844a4ecbc74050b300) Importer(815301076,1909f56bfc062723c751e8b465ee728b)
Start importing Assets/Graphics/Enemies/Red Hood/red hood itch free Copy-Sheet.png using Guid(7eb81348dc564e844a4ecbc74050b300) Importer(815301076,1909f56bfc062723c751e8b465ee728b)  -> (artifact id: '826dd840962d7328bbbd07153d476f64') in 0.246974 seconds 
========================================================================
Received Import Request.
  Time since last request: 1.436886 seconds.
  path: Assets/Graphics/Enemies/Skeleton
  artifactKey: Guid(1b1f4a67332b81345b67d8251caf88e1) Importer(815301076,1909f56bfc062723c751e8b465ee728b)
Start importing Assets/Graphics/Enemies/Skeleton using Guid(1b1f4a67332b81345b67d8251caf88e1) Importer(815301076,1909f56bfc062723c751e8b465ee728b)  -> (artifact id: 'd9c4c07137f5d74b08f8cc40d9913a03') in 0.009677 seconds 
========================================================================
Received Import Request.
  Time since last request: 0.082762 seconds.
  path: Assets/Graphics/Enemies/Skeleton/Skeleton Attack.png
  artifactKey: Guid(cc71415bc56e07742a0bede3d4be6d2f) Importer(815301076,1909f56bfc062723c751e8b465ee728b)
Start importing Assets/Graphics/Enemies/Skeleton/Skeleton Attack.png using Guid(cc71415bc56e07742a0bede3d4be6d2f) Importer(815301076,1909f56bfc062723c751e8b465ee728b)  -> (artifact id: 'ab64503b9cbb511830c54d4501651615') in 0.081069 seconds 
========================================================================
Received Import Request.
  Time since last request: 0.000063 seconds.
  path: Assets/Graphics/Enemies/Skeleton/Skeleton React.png
  artifactKey: Guid(b18afc18b9424d04ba154fb477dffd3b) Importer(815301076,1909f56bfc062723c751e8b465ee728b)
Start importing Assets/Graphics/Enemies/Skeleton/Skeleton React.png using Guid(b18afc18b9424d04ba154fb477dffd3b) Importer(815301076,1909f56bfc062723c751e8b465ee728b)  -> (artifact id: '5ff56ac297bed95a5408f99cb70d3e8a') in 0.035204 seconds 
========================================================================
Received Import Request.
  Time since last request: 38.745132 seconds.
  path: Assets/Graphics/Enemies/Archer
  artifactKey: Guid(67fdc73569f658546bf52a0092a6af4f) Importer(815301076,1909f56bfc062723c751e8b465ee728b)
Start importing Assets/Graphics/Enemies/Archer using Guid(67fdc73569f658546bf52a0092a6af4f) Importer(815301076,1909f56bfc062723c751e8b465ee728b)  -> (artifact id: '4b69a9bb20e8324a868c54103de35dff') in 0.008374 seconds 
========================================================================
Received Import Request.
  Time since last request: 3.937088 seconds.
  path: Assets/Graphics/Enemies/Archer/Character
  artifactKey: Guid(c2721c6737a9f2c47be138846f6f19a0) Importer(815301076,1909f56bfc062723c751e8b465ee728b)
Start importing Assets/Graphics/Enemies/Archer/Character using Guid(c2721c6737a9f2c47be138846f6f19a0) Importer(815301076,1909f56bfc062723c751e8b465ee728b)  -> (artifact id: '0176223bc8d838a81d78cbfff271cfae') in 0.022831 seconds 
========================================================================
Received Import Request.
  Time since last request: 0.061569 seconds.
  path: Assets/Graphics/Enemies/Archer/Character/Attack.png
  artifactKey: Guid(34b159edc5f821543a4383b53f9cdfd1) Importer(815301076,1909f56bfc062723c751e8b465ee728b)
Start importing Assets/Graphics/Enemies/Archer/Character/Attack.png using Guid(34b159edc5f821543a4383b53f9cdfd1) Importer(815301076,1909f56bfc062723c751e8b465ee728b)  -> (artifact id: '88208b59771cefa4ae6b22e028207766') in 0.121800 seconds 
========================================================================
Received Import Request.
  Time since last request: 0.000146 seconds.
  path: Assets/Graphics/Enemies/Archer/Character/Get Hit.png
  artifactKey: Guid(09dbe2a33141c4c4ab00f43c39cabdc0) Importer(815301076,1909f56bfc062723c751e8b465ee728b)
Start importing Assets/Graphics/Enemies/Archer/Character/Get Hit.png using Guid(09dbe2a33141c4c4ab00f43c39cabdc0) Importer(815301076,1909f56bfc062723c751e8b465ee728b)  -> (artifact id: '02ec6ddb4d70ead1ee9322509e30c98b') in 0.073232 seconds 
========================================================================
Received Import Request.
  Time since last request: 52.682354 seconds.
  path: Assets/Graphics/Enemies/Archer/Arrow
  artifactKey: Guid(b44133263514a1e49bedadcb8f2bc65f) Importer(815301076,1909f56bfc062723c751e8b465ee728b)
Start importing Assets/Graphics/Enemies/Archer/Arrow using Guid(b44133263514a1e49bedadcb8f2bc65f) Importer(815301076,1909f56bfc062723c751e8b465ee728b)  -> (artifact id: 'b1bcd29f130b24b16f07f7657922ff51') in 0.008812 seconds 
========================================================================
Received Import Request.
  Time since last request: 0.429699 seconds.
  path: Assets/Graphics/Enemies/Archer/Arrow/Move.png
  artifactKey: Guid(62f4d8ee82f89f74b90e9badd18fb5f1) Importer(815301076,1909f56bfc062723c751e8b465ee728b)
Start importing Assets/Graphics/Enemies/Archer/Arrow/Move.png using Guid(62f4d8ee82f89f74b90e9badd18fb5f1) Importer(815301076,1909f56bfc062723c751e8b465ee728b)  -> (artifact id: 'f3277bb814ff53d640e30662a3e4b13a') in 0.024677 seconds 
========================================================================
Received Import Request.
  Time since last request: 181.976249 seconds.
  path: Assets/Graphics/Surroundings/Medieval_Castle/Decorations/Animated Decorations/candelabrum_tall/Materials/candelabrum_tall_nofire.mat
  artifactKey: Guid(f4fe64517aa7dd2459b9620b39201abc) Importer(815301076,1909f56bfc062723c751e8b465ee728b)
Start importing Assets/Graphics/Surroundings/Medieval_Castle/Decorations/Animated Decorations/candelabrum_tall/Materials/candelabrum_tall_nofire.mat using Guid(f4fe64517aa7dd2459b9620b39201abc) Importer(815301076,1909f56bfc062723c751e8b465ee728b)  -> (artifact id: 'ff3080ce11c9e66ae9cec79fc39cd23c') in 0.121313 seconds 
========================================================================
Received Import Request.
  Time since last request: 0.000059 seconds.
  path: Assets/Graphics/Font/SyneMono-Regular SDF.asset
  artifactKey: Guid(84bdc42b70bb5e54aa18bb33c1fa834e) Importer(815301076,1909f56bfc062723c751e8b465ee728b)
Start importing Assets/Graphics/Font/SyneMono-Regular SDF.asset using Guid(84bdc42b70bb5e54aa18bb33c1fa834e) Importer(815301076,1909f56bfc062723c751e8b465ee728b)  -> (artifact id: 'a4bbdfd06ab08d988a84851737abaeb4') in 0.091733 seconds 
========================================================================
Received Import Request.
  Time since last request: 0.000074 seconds.
  path: Assets/TextMesh Pro/Fonts/LiberationSans.ttf
  artifactKey: Guid(e3265ab4bf004d28a9537516768c1c75) Importer(815301076,1909f56bfc062723c751e8b465ee728b)
Start importing Assets/TextMesh Pro/Fonts/LiberationSans.ttf using Guid(e3265ab4bf004d28a9537516768c1c75) Importer(815301076,1909f56bfc062723c751e8b465ee728b)  -> (artifact id: 'f3bd036785823e2281556a384dd6489b') in 0.032938 seconds 
========================================================================
Received Import Request.
  Time since last request: 0.000035 seconds.
  path: Assets/TextMesh Pro/Resources/Fonts & Materials/LiberationSans SDF - Drop Shadow.mat
  artifactKey: Guid(e73a58f6e2794ae7b1b7e50b7fb811b0) Importer(815301076,1909f56bfc062723c751e8b465ee728b)
Start importing Assets/TextMesh Pro/Resources/Fonts & Materials/LiberationSans SDF - Drop Shadow.mat using Guid(e73a58f6e2794ae7b1b7e50b7fb811b0) Importer(815301076,1909f56bfc062723c751e8b465ee728b)  -> (artifact id: '96a9426240ca8826bd5b89161df67e18') in 0.069350 seconds 
========================================================================
Received Import Request.
  Time since last request: 0.000044 seconds.
  path: Assets/Graphics/Font/SyneMono-Regular.ttf
  artifactKey: Guid(42b4ab0313ed7344598f94460d918be9) Importer(815301076,1909f56bfc062723c751e8b465ee728b)
Start importing Assets/Graphics/Font/SyneMono-Regular.ttf using Guid(42b4ab0313ed7344598f94460d918be9) Importer(815301076,1909f56bfc062723c751e8b465ee728b)  -> (artifact id: 'b8c91c8e9c6b982532b55e23ad08d713') in 0.030946 seconds 
Editor requested this worker to shutdown with reason: Scaling down because of idle timeout
AssetImportWorker is now disconnected from the server
Process exiting
Exiting without the bug reporter. Application will terminate with return code 0